<?xml version="1.0" encoding="UTF-8"?>
<!-- Generated by org.testng.reporters.JUnitReportReporter -->
<testsuite hostname="EPUALVIW0317" name="com.dayok.tests.FixedMenuTest" tests="3" failures="0" timestamp="11 Jan 2013 09:06:33 GMT" time="4.256" errors="0">
  <testcase name="checkUrl" time="1.086" classname="com.dayok.tests.FixedMenuTest"/>
  <testcase name="checkSeachButton" time="2.131" classname="com.dayok.tests.FixedMenuTest"/>
  <testcase name="checkLogo" time="1.039" classname="com.dayok.tests.FixedMenuTest"/>
</testsuite>
