<?xml version="1.0" encoding="UTF-8"?>
<!-- Generated by org.testng.reporters.JUnitReportReporter -->
<testsuite hostname="dag.mshome.net" name="com.dayok.tests.CheckBrandsNameTest" tests="1" failures="0" timestamp="1 Feb 2013 20:10:01 GMT" time="45.568" errors="0">
  <testcase name="checkBrandsName" time="45.568" classname="com.dayok.tests.CheckBrandsNameTest"/>
</testsuite> <!-- com.dayok.tests.CheckBrandsNameTest -->
