<?xml version="1.0" encoding="UTF-8"?>
<!-- Generated by org.testng.reporters.JUnitReportReporter -->
<testsuite hostname="EPUALVIW0317" name="com.dayok.tests.MainPageTest" tests="1" failures="0" timestamp="4 Jan 2013 13:38:54 GMT" time="3.561" errors="0">
  <testcase name="checkUrl" time="3.561" classname="com.dayok.tests.MainPageTest"/>
</testsuite>
