<?xml version="1.0" encoding="UTF-8"?>
<!-- Generated by org.testng.reporters.JUnitReportReporter -->
<testsuite hostname="dag.mshome.net" name="com.dayok.tests.FixedMenuTest" tests="1" failures="0" timestamp="31 Jan 2013 21:44:54 GMT" time="2.061" errors="0">
  <testcase name="checkUrl" time="2.061" classname="com.dayok.tests.FixedMenuTest"/>
</testsuite> <!-- com.dayok.tests.FixedMenuTest -->
