<?xml version="1.0" encoding="UTF-8"?>
<!-- Generated by org.testng.reporters.JUnitReportReporter -->
<testsuite hostname="EPUALVIW0131" name="com.dayok.tests.FixedMenuTest" tests="4" failures="0" timestamp="30 Jan 2013 13:33:40 GMT" time="5.991" errors="0">
  <testcase name="checkLogo" time="2.246" classname="com.dayok.tests.FixedMenuTest"/>
  <testcase name="checkUrl" time="0.840" classname="com.dayok.tests.FixedMenuTest"/>
  <testcase name="checkSeachButton" time="1.402" classname="com.dayok.tests.FixedMenuTest"/>
  <testcase name="checkSearchBrand" time="1.503" classname="com.dayok.tests.FixedMenuTest"/>
</testsuite>
