<?xml version="1.0" encoding="UTF-8"?>
<!-- Generated by org.testng.reporters.JUnitReportReporter -->
<testsuite hostname="EPUALVIW0131" name="com.dayok.tests.BrandPageTest" tests="2" failures="0" timestamp="30 Jan 2013 13:33:40 GMT" time="5.658" errors="0">
  <testcase name="checkAmountOfBrands" time="2.200" classname="com.dayok.tests.BrandPageTest"/>
  <testcase name="checkBrandName" time="3.458" classname="com.dayok.tests.BrandPageTest"/>
</testsuite>
