<?xml version="1.0" encoding="UTF-8"?>
<!-- Generated by org.testng.reporters.JUnitReportReporter -->
<testsuite hostname="EPUALVIW0131" name="com.dayok.tests.CodePageTest" tests="1" failures="0" timestamp="30 Jan 2013 13:33:40 GMT" time="5.154" errors="0">
  <testcase name="checkCodeSendMsg" time="5.154" classname="com.dayok.tests.CodePageTest"/>
</testsuite>
